d:\codeproject\c++\offer-cplus\offer-cplus\debug\vc141.pdb
d:\codeproject\c++\offer-cplus\offer-cplus\debug\vc141.idb
d:\codeproject\c++\offer-cplus\offer-cplus\debug\isbst.obj
d:\codeproject\c++\offer-cplus\offer-cplus\debug\maxcount.obj
d:\codeproject\c++\offer-cplus\offer-cplus\debug\twoarraysearch.obj
d:\codeproject\c++\offer-cplus\offer-cplus\debug\offer-cplus.pch
d:\codeproject\c++\offer-cplus\offer-cplus\debug\pch.obj
d:\codeproject\c++\offer-cplus\offer-cplus\debug\reconstructbinarytree.obj
d:\codeproject\c++\offer-cplus\offer-cplus\debug\jumpfloor.obj
d:\codeproject\c++\offer-cplus\offer-cplus\debug\mergetwoarray.obj
d:\codeproject\c++\offer-cplus\offer-cplus\debug\machinemovingcount.obj
d:\codeproject\c++\offer-cplus\offer-cplus\debug\numberof1.obj
d:\codeproject\c++\offer-cplus\offer-cplus\debug\print1tomaxinumofndigits.obj
d:\codeproject\c++\offer-cplus\offer-cplus\debug\delduplicatenode.obj
d:\codeproject\c++\offer-cplus\offer-cplus\debug\mirror.obj
d:\codeproject\c++\offer-cplus\offer-cplus\debug\numberof1betweenandn.obj
f:\codeproject\c++\offer-cplus1\offer-cplus\debug\delduplicatenode.obj
f:\codeproject\c++\offer-cplus1\offer-cplus\debug\isbst.obj
f:\codeproject\c++\offer-cplus1\offer-cplus\debug\jumpfloor.obj
f:\codeproject\c++\offer-cplus1\offer-cplus\debug\machinemovingcount.obj
f:\codeproject\c++\offer-cplus1\offer-cplus\debug\maxcount.obj
f:\codeproject\c++\offer-cplus1\offer-cplus\debug\mergetwoarray.obj
f:\codeproject\c++\offer-cplus1\offer-cplus\debug\mirror.obj
f:\codeproject\c++\offer-cplus1\offer-cplus\debug\numberof1.obj
f:\codeproject\c++\offer-cplus1\offer-cplus\debug\numberof1betweenandn.obj
f:\codeproject\c++\offer-cplus1\offer-cplus\debug\pch.obj
f:\codeproject\c++\offer-cplus1\offer-cplus\debug\print1tomaxinumofndigits.obj
f:\codeproject\c++\offer-cplus1\offer-cplus\debug\reconstructbinarytree.obj
f:\codeproject\c++\offer-cplus1\offer-cplus\debug\twoarraysearch.obj
f:\codeproject\c++\offer-cplus1\offer-cplus\debug\offer-cplus.pch
f:\codeproject\c++\offer-cplus1\offer-cplus\debug\vc141.idb
f:\codeproject\c++\offer-cplus1\offer-cplus\debug\vc141.pdb
f:\codeproject\c++\offer-cplus1\debug\offer-cplus.pdb
f:\codeproject\c++\offer-cplus1\debug\offer-cplus.exe
f:\codeproject\c++\offer-cplus1\debug\offer-cplus.ilk
f:\codeproject\c++\offer-cplus1\offer-cplus\debug\offer-cplus.tlog\cl.command.1.tlog
f:\codeproject\c++\offer-cplus1\offer-cplus\debug\offer-cplus.tlog\cl.read.1.tlog
f:\codeproject\c++\offer-cplus1\offer-cplus\debug\offer-cplus.tlog\cl.write.1.tlog
f:\codeproject\c++\offer-cplus1\offer-cplus\debug\offer-cplus.tlog\link.command.1.tlog
f:\codeproject\c++\offer-cplus1\offer-cplus\debug\offer-cplus.tlog\link.read.1.tlog
f:\codeproject\c++\offer-cplus1\offer-cplus\debug\offer-cplus.tlog\link.write.1.tlog
